<?xml version="1.0" encoding="UTF-8"?>
<!-- Generated by org.testng.reporters.JUnitXMLReporter -->
<testsuite ignored="0" hostname="DESKTOP-PBK7R41" failures="2" tests="13" name="Test" time="150.478" errors="0" timestamp="2023-03-23T14:51:55 IST">
  <testcase classname="bluefinUIAutomation.ReportsTest" name="ReportsPage" time="3.766"/>
  <testcase classname="bluefinUIAutomation.SearchorgTest" name="SearchOrgnizationElement" time="34.696">
    <failure type="org.openqa.selenium.NoSuchElementException" message="no such element: Unable to locate element: {&amp;quot;method&amp;quot;:&amp;quot;xpath&amp;quot;,&amp;quot;selector&amp;quot;:&amp;quot;(//input[@placeholder=&amp;apos;Search&amp;apos;])&amp;quot;}
  (Session info: chrome=111.0.5563.66)
For documentation on this error, please visit: https://selenium.dev/exceptions/#no_such_element
Build info: version: &amp;apos;4.8.1&amp;apos;, revision: &amp;apos;8ebccac989&amp;apos;
System info: os.name: &amp;apos;Windows 10&amp;apos;, os.arch: &amp;apos;amd64&amp;apos;, os.version: &amp;apos;10.0&amp;apos;, java.version: &amp;apos;17.0.6&amp;apos;
Driver info: org.openqa.selenium.chrome.ChromeDriver
Command: [f573f8fdae476aedb590acf34e4914ab, findElement {using=xpath, value=(//input[@placeholder=&amp;apos;Search&amp;apos;])}]
Capabilities {acceptInsecureCerts: false, browserName: chrome, browserVersion: 111.0.5563.66, chrome: {chromedriverVersion: 111.0.5563.64 (c710e93d5b63..., userDataDir: C:\Users\nchevula\AppData\L...}, goog:chromeOptions: {debuggerAddress: localhost:50543}, networkConnectionEnabled: false, pageLoadStrategy: normal, platformName: WINDOWS, proxy: Proxy(), se:cdp: ws://localhost:50543/devtoo..., se:cdpVersion: 111.0.5563.66, setWindowRect: true, strictFileInteractability: false, timeouts: {implicit: 0, pageLoad: 300000, script: 30000}, unhandledPromptBehavior: dismiss and notify, webauthn:extension:credBlob: true, webauthn:extension:largeBlob: true, webauthn:extension:minPinLength: true, webauthn:extension:prf: true, webauthn:virtualAuthenticators: true}
Session ID: f573f8fdae476aedb590acf34e4914ab">
      <![CDATA[org.openqa.selenium.NoSuchElementException: no such element: Unable to locate element: {"method":"xpath","selector":"(//input[@placeholder='Search'])"}
  (Session info: chrome=111.0.5563.66)
For documentation on this error, please visit: https://selenium.dev/exceptions/#no_such_element
Build info: version: '4.8.1', revision: '8ebccac989'
System info: os.name: 'Windows 10', os.arch: 'amd64', os.version: '10.0', java.version: '17.0.6'
Driver info: org.openqa.selenium.chrome.ChromeDriver
Command: [f573f8fdae476aedb590acf34e4914ab, findElement {using=xpath, value=(//input[@placeholder='Search'])}]
Capabilities {acceptInsecureCerts: false, browserName: chrome, browserVersion: 111.0.5563.66, chrome: {chromedriverVersion: 111.0.5563.64 (c710e93d5b63..., userDataDir: C:\Users\nchevula\AppData\L...}, goog:chromeOptions: {debuggerAddress: localhost:50543}, networkConnectionEnabled: false, pageLoadStrategy: normal, platformName: WINDOWS, proxy: Proxy(), se:cdp: ws://localhost:50543/devtoo..., se:cdpVersion: 111.0.5563.66, setWindowRect: true, strictFileInteractability: false, timeouts: {implicit: 0, pageLoad: 300000, script: 30000}, unhandledPromptBehavior: dismiss and notify, webauthn:extension:credBlob: true, webauthn:extension:largeBlob: true, webauthn:extension:minPinLength: true, webauthn:extension:prf: true, webauthn:virtualAuthenticators: true}
Session ID: f573f8fdae476aedb590acf34e4914ab
at org.openqa.selenium.remote.codec.w3c.W3CHttpResponseCodec.createException(W3CHttpResponseCodec.java:200)
at org.openqa.selenium.remote.codec.w3c.W3CHttpResponseCodec.decode(W3CHttpResponseCodec.java:133)
at org.openqa.selenium.remote.codec.w3c.W3CHttpResponseCodec.decode(W3CHttpResponseCodec.java:53)
at org.openqa.selenium.remote.HttpCommandExecutor.execute(HttpCommandExecutor.java:184)
at org.openqa.selenium.remote.service.DriverCommandExecutor.invokeExecute(DriverCommandExecutor.java:167)
at org.openqa.selenium.remote.service.DriverCommandExecutor.execute(DriverCommandExecutor.java:142)
at org.openqa.selenium.remote.RemoteWebDriver.execute(RemoteWebDriver.java:543)
at org.openqa.selenium.remote.ElementLocation$ElementFinder$2.findElement(ElementLocation.java:162)
at org.openqa.selenium.remote.ElementLocation.findElement(ElementLocation.java:60)
at org.openqa.selenium.remote.RemoteWebDriver.findElement(RemoteWebDriver.java:352)
at org.openqa.selenium.remote.RemoteWebDriver.findElement(RemoteWebDriver.java:344)
at org.openqa.selenium.support.pagefactory.DefaultElementLocator.findElement(DefaultElementLocator.java:70)
at org.openqa.selenium.support.pagefactory.internal.LocatingElementHandler.invoke(LocatingElementHandler.java:39)
at jdk.proxy2/jdk.proxy2.$Proxy17.click(Unknown Source)
at pageObjects.SearchOrganizationElement.organizationSearch(SearchOrganizationElement.java:203)
at pageObjects.SearchOrganizationElement.SearchOrganizationadd(SearchOrganizationElement.java:222)
at bluefinUIAutomation.SearchorgTest.SearchOrgnizationElement(SearchorgTest.java:19)
at java.base/java.util.ArrayList.forEach(ArrayList.java:1511)
... Removed 32 stack frames]]>
    </failure>
  </testcase> <!-- SearchOrgnizationElement -->
  <testcase classname="bluefinUIAutomation.RequestDemoTest" name="testdemo" time="0.019">
    <failure type="java.lang.AssertionError" message="expected [http://web.td112.net/] but found [https://web.td112.net/]">
      <![CDATA[java.lang.AssertionError: expected [http://web.td112.net/] but found [https://web.td112.net/]
at pageObjects.DemoRequest.RequestDemoMethod(DemoRequest.java:131)
at bluefinUIAutomation.RequestDemoTest.testdemo(RequestDemoTest.java:19)
at java.base/java.util.ArrayList.forEach(ArrayList.java:1511)
... Removed 33 stack frames]]>
    </failure>
  </testcase> <!-- testdemo -->
  <testcase classname="bluefinUIAutomation.LogoTest" name="logoVerify" time="0.583"/>
  <testcase classname="bluefinUIAutomation.ForgetPasswordTest" name="fogetpassword" time="1.935"/>
  <testcase classname="bluefinUIAutomation.CreateTicketTest" name="createticket" time="9.95"/>
  <testcase classname="bluefinUIAutomation.HeaderLinksTest" name="headerLinksVerification" time="1.05"/>
  <testcase classname="bluefinUIAutomation.ContactUsVerificationTest" name="ContactUsBo" time="6.551"/>
  <testcase classname="bluefinUIAutomation.ContactusButtonTest" name="ContactUsButtontest" time="2.377"/>
  <testcase classname="bluefinUIAutomation.DashboardTest" name="DashBordverify" time="6.015"/>
  <testcase classname="bluefinUIAutomation.LogInPageTest" name="LoginPage" time="4.705"/>
  <testcase classname="bluefinUIAutomation.FooterLinksTest" name="FooterTLinks" time="1.734"/>
  <testcase classname="bluefinUIAutomation.AddOrganizationTest" name="AddOrg" time="16.97"/>
</testsuite> <!-- Test -->
